<?xml version="1.0" encoding="utf-8"?>
<CoverageSession xmlns:xsd="http://www.w3.org/2001/XMLSchema" xmlns:xsi="http://www.w3.org/2001/XMLSchema-instance" Version="0.0.0.0">
  <Summary numSequencePoints="152" visitedSequencePoints="122" numBranchPoints="0" visitedBranchPoints="0" sequenceCoverage="80.26" branchCoverage="0.0" maxCyclomaticComplexity="0" minCyclomaticComplexity="0" maxCrapScore="0" minCrapScore="0" visitedClasses="16" numClasses="17" visitedMethods="42" numMethods="50" />
  <Modules>
    <Module>
      <Summary numSequencePoints="144" visitedSequencePoints="114" numBranchPoints="0" visitedBranchPoints="0" sequenceCoverage="79.17" branchCoverage="0.0" maxCyclomaticComplexity="0" minCyclomaticComplexity="0" maxCrapScore="0" minCrapScore="0" visitedClasses="14" numClasses="15" visitedMethods="40" numMethods="48" />
      <ModuleTime>0001-01-01T00:00:00</ModuleTime>
      <ModuleName>ViRSE_Plugin_Runtime</ModuleName>
      <Files>
        <File uid="2" fullPath="C:/Unity/ViRSE-Core-Platform/ViRSE-Core-Platform/Assets/FRAMEWORK/Scripts/PluginRuntime/PluginRuntime.cs" />
        <File uid="3" fullPath="C:/Unity/ViRSE-Core-Platform/ViRSE-Core-Platform/Assets/FRAMEWORK/Scripts/PluginRuntime/TestSubModule.cs" />
        <File uid="4" fullPath="C:/Unity/ViRSE-Core-Platform/ViRSE-Core-Platform/Assets/FRAMEWORK/Scripts/PluginRuntime/TestVC.cs" />
        <File uid="5" fullPath="C:/Unity/ViRSE-Core-Platform/ViRSE-Core-Platform/Assets/FRAMEWORK/Scripts/PluginRuntime/VCs/Modules/Networking/PredictiveWorldStateSyncableModule.cs" />
        <File uid="6" fullPath="C:/Unity/ViRSE-Core-Platform/ViRSE-Core-Platform/Assets/FRAMEWORK/Scripts/PluginRuntime/VCs/Modules/Interaction/GrabbableInteractionModule.cs" />
        <File uid="7" fullPath="C:/Unity/ViRSE-Core-Platform/ViRSE-Core-Platform/Assets/FRAMEWORK/Scripts/PluginRuntime/PluginNetworkingUtils.cs" />
        <File uid="8" fullPath="C:/Unity/ViRSE-Core-Platform/ViRSE-Core-Platform/Assets/FRAMEWORK/Scripts/PluginRuntime/PluginRuntime_1.cs" />
        <File uid="9" fullPath="C:/Unity/ViRSE-Core-Platform/ViRSE-Core-Platform/Assets/FRAMEWORK/Scripts/PluginRuntime/PluginSyncService.cs" />
        <File uid="10" fullPath="C:/Unity/ViRSE-Core-Platform/ViRSE-Core-Platform/Assets/FRAMEWORK/Scripts/PluginRuntime/WorldStateSyncService.cs" />
        <File uid="11" fullPath="C:/Unity/ViRSE-Core-Platform/ViRSE-Core-Platform/Assets/FRAMEWORK/Scripts/PluginRuntime/VCs/Modules/Interaction/ColliderInteractionModule.cs" />
        <File uid="12" fullPath="C:/Unity/ViRSE-Core-Platform/ViRSE-Core-Platform/Assets/FRAMEWORK/Scripts/PluginRuntime/VCs/Modules/Interaction/GeneralInteractionModule.cs" />
        <File uid="13" fullPath="C:/Unity/ViRSE-Core-Platform/ViRSE-Core-Platform/Assets/FRAMEWORK/Scripts/PluginRuntime/VCs/Modules/Interaction/RangedClickInteractionModule.cs" />
        <File uid="14" fullPath="C:/Unity/ViRSE-Core-Platform/ViRSE-Core-Platform/Assets/FRAMEWORK/Scripts/PluginRuntime/VCs/Modules/Interaction/RangedInteractionModule.cs" />
        <File uid="15" fullPath="C:/Unity/ViRSE-Core-Platform/ViRSE-Core-Platform/Assets/FRAMEWORK/Scripts/PluginRuntime/VCs/Modules/Networking/PhysicsSyncableModule.cs" />
        <File uid="16" fullPath="C:/Unity/ViRSE-Core-Platform/ViRSE-Core-Platform/Assets/FRAMEWORK/Scripts/PluginRuntime/VCs/Modules/Networking/ProtocolModule.cs" />
        <File uid="17" fullPath="C:/Unity/ViRSE-Core-Platform/ViRSE-Core-Platform/Assets/FRAMEWORK/Scripts/PluginRuntime/VCs/Modules/Networking/WorldstateSyncableModule.cs" />
        <File uid="18" fullPath="C:/Unity/ViRSE-Core-Platform/ViRSE-Core-Platform/Assets/FRAMEWORK/Scripts/PluginRuntime/VCs/Modules/States/SingleInteractorActivatableStateModule.cs" />
        <File uid="19" fullPath="C:/Unity/ViRSE-Core-Platform/ViRSE-Core-Platform/Assets/FRAMEWORK/Scripts/PluginRuntime/VCs/V_PushActivatable.cs" />
      </Files>
      <Classes>
        <Class>
          <Summary numSequencePoints="21" visitedSequencePoints="0" numBranchPoints="0" visitedBranchPoints="0" sequenceCoverage="0.0" branchCoverage="0.0" maxCyclomaticComplexity="0" minCyclomaticComplexity="0" maxCrapScore="0" minCrapScore="0" visitedClasses="0" numClasses="1" visitedMethods="0" numMethods="8" />
          <FullName>FixedSizedQueue[T]</FullName>
          <Methods>
            <Method visited="false" cyclomaticComplexity="0" nPathComplexity="0" sequenceCoverage="0.0" branchCoverage="0" crapScore="0" isConstructor="false" isStatic="false" isGetter="true" isSetter="false">
              <Summary numSequencePoints="1" visitedSequencePoints="0" numBranchPoints="0" visitedBranchPoints="0" sequenceCoverage="0.0" branchCoverage="0" maxCyclomaticComplexity="0" minCyclomaticComplexity="0" maxCrapScore="0" minCrapScore="0" visitedClasses="0" numClasses="0" visitedMethods="0" numMethods="1" />
              <MetadataToken>100663307</MetadataToken>
              <Name>System.Int32 FixedSizedQueue[T]::get_Limit()</Name>
              <FileRef uid="5" />
              <SequencePoints>
                <SequencePoint vc="0" uspid="2497" ordinal="0" offset="0" sl="183" sc="0" el="183" ec="0" bec="0" bev="0" fileid="5" />
              </SequencePoints>
              <BranchPoints />
            </Method>
            <Method visited="false" cyclomaticComplexity="0" nPathComplexity="0" sequenceCoverage="0.0" branchCoverage="0" crapScore="0" isConstructor="false" isStatic="false" isGetter="false" isSetter="true">
              <Summary numSequencePoints="1" visitedSequencePoints="0" numBranchPoints="0" visitedBranchPoints="0" sequenceCoverage="0.0" branchCoverage="0" maxCyclomaticComplexity="0" minCyclomaticComplexity="0" maxCrapScore="0" minCrapScore="0" visitedClasses="0" numClasses="0" visitedMethods="0" numMethods="1" />
              <MetadataToken>100663308</MetadataToken>
              <Name>System.Void FixedSizedQueue[T]::set_Limit(System.Int32)</Name>
              <FileRef uid="5" />
              <SequencePoints>
                <SequencePoint vc="0" uspid="2498" ordinal="0" offset="0" sl="183" sc="0" el="183" ec="0" bec="0" bev="0" fileid="5" />
              </SequencePoints>
              <BranchPoints />
            </Method>
            <Method visited="false" cyclomaticComplexity="0" nPathComplexity="0" sequenceCoverage="0.0" branchCoverage="0" crapScore="0" isConstructor="false" isStatic="false" isGetter="false" isSetter="false">
              <Summary numSequencePoints="8" visitedSequencePoints="0" numBranchPoints="0" visitedBranchPoints="0" sequenceCoverage="0.0" branchCoverage="0" maxCyclomaticComplexity="0" minCyclomaticComplexity="0" maxCrapScore="0" minCrapScore="0" visitedClasses="0" numClasses="0" visitedMethods="0" numMethods="1" />
              <MetadataToken>100663309</MetadataToken>
              <Name>System.Void FixedSizedQueue[T]::Enqueue(T)</Name>
              <FileRef uid="5" />
              <SequencePoints>
                <SequencePoint vc="0" uspid="2499" ordinal="0" offset="0" sl="185" sc="0" el="185" ec="0" bec="0" bev="0" fileid="5" />
                <SequencePoint vc="0" uspid="2500" ordinal="0" offset="1" sl="186" sc="0" el="186" ec="0" bec="0" bev="0" fileid="5" />
                <SequencePoint vc="0" uspid="2501" ordinal="0" offset="14" sl="187" sc="0" el="187" ec="0" bec="0" bev="0" fileid="5" />
                <SequencePoint vc="0" uspid="2502" ordinal="0" offset="32" sl="188" sc="0" el="188" ec="0" bec="0" bev="0" fileid="5" />
                <SequencePoint vc="0" uspid="2503" ordinal="0" offset="35" sl="190" sc="0" el="190" ec="0" bec="0" bev="0" fileid="5" />
                <SequencePoint vc="0" uspid="2504" ordinal="0" offset="36" sl="190" sc="0" el="190" ec="0" bec="0" bev="0" fileid="5" />
                <SequencePoint vc="0" uspid="2505" ordinal="0" offset="75" sl="191" sc="0" el="191" ec="0" bec="0" bev="0" fileid="5" />
                <SequencePoint vc="0" uspid="2506" ordinal="0" offset="89" sl="192" sc="0" el="192" ec="0" bec="0" bev="0" fileid="5" />
              </SequencePoints>
              <BranchPoints />
            </Method>
            <Method visited="false" cyclomaticComplexity="0" nPathComplexity="0" sequenceCoverage="0.0" branchCoverage="0" crapScore="0" isConstructor="false" isStatic="false" isGetter="true" isSetter="false">
              <Summary numSequencePoints="1" visitedSequencePoints="0" numBranchPoints="0" visitedBranchPoints="0" sequenceCoverage="0.0" branchCoverage="0" maxCyclomaticComplexity="0" minCyclomaticComplexity="0" maxCrapScore="0" minCrapScore="0" visitedClasses="0" numClasses="0" visitedMethods="0" numMethods="1" />
              <MetadataToken>100663310</MetadataToken>
              <Name>System.Int32 FixedSizedQueue[T]::get_Count()</Name>
              <FileRef uid="5" />
              <SequencePoints>
                <SequencePoint vc="0" uspid="2507" ordinal="0" offset="0" sl="194" sc="0" el="194" ec="0" bec="0" bev="0" fileid="5" />
              </SequencePoints>
              <BranchPoints />
            </Method>
            <Method visited="false" cyclomaticComplexity="0" nPathComplexity="0" sequenceCoverage="0.0" branchCoverage="0" crapScore="0" isConstructor="false" isStatic="false" isGetter="true" isSetter="false">
              <Summary numSequencePoints="1" visitedSequencePoints="0" numBranchPoints="0" visitedBranchPoints="0" sequenceCoverage="0.0" branchCoverage="0" maxCyclomaticComplexity="0" minCyclomaticComplexity="0" maxCrapScore="0" minCrapScore="0" visitedClasses="0" numClasses="0" visitedMethods="0" numMethods="1" />
              <MetadataToken>100663311</MetadataToken>
              <Name>FixedSizedQueue[T]::get_values()</Name>
              <FileRef uid="5" />
              <SequencePoints>
                <SequencePoint vc="0" uspid="2508" ordinal="0" offset="0" sl="196" sc="0" el="196" ec="0" bec="0" bev="0" fileid="5" />
              </SequencePoints>
              <BranchPoints />
            </Method>
            <Method visited="false" cyclomaticComplexity="0" nPathComplexity="0" sequenceCoverage="0.0" branchCoverage="0" crapScore="0" isConstructor="false" isStatic="false" isGetter="false" isSetter="false">
              <Summary numSequencePoints="3" visitedSequencePoints="0" numBranchPoints="0" visitedBranchPoints="0" sequenceCoverage="0.0" branchCoverage="0" maxCyclomaticComplexity="0" minCyclomaticComplexity="0" maxCrapScore="0" minCrapScore="0" visitedClasses="0" numClasses="0" visitedMethods="0" numMethods="1" />
              <MetadataToken>100663312</MetadataToken>
              <Name>System.Void FixedSizedQueue[T]::Clear()</Name>
              <FileRef uid="5" />
              <SequencePoints>
                <SequencePoint vc="0" uspid="2509" ordinal="0" offset="0" sl="199" sc="0" el="199" ec="0" bec="0" bev="0" fileid="5" />
                <SequencePoint vc="0" uspid="2510" ordinal="0" offset="1" sl="200" sc="0" el="200" ec="0" bec="0" bev="0" fileid="5" />
                <SequencePoint vc="0" uspid="2511" ordinal="0" offset="13" sl="201" sc="0" el="201" ec="0" bec="0" bev="0" fileid="5" />
              </SequencePoints>
              <BranchPoints />
            </Method>
            <Method visited="false" cyclomaticComplexity="0" nPathComplexity="0" sequenceCoverage="0.0" branchCoverage="0" crapScore="0" isConstructor="false" isStatic="false" isGetter="false" isSetter="false">
              <Summary numSequencePoints="4" visitedSequencePoints="0" numBranchPoints="0" visitedBranchPoints="0" sequenceCoverage="0.0" branchCoverage="0" maxCyclomaticComplexity="0" minCyclomaticComplexity="0" maxCrapScore="0" minCrapScore="0" visitedClasses="0" numClasses="0" visitedMethods="0" numMethods="1" />
              <MetadataToken>100663313</MetadataToken>
              <Name>T FixedSizedQueue[T]::PeekFront()</Name>
              <FileRef uid="5" />
              <SequencePoints>
                <SequencePoint vc="0" uspid="2512" ordinal="0" offset="0" sl="204" sc="0" el="204" ec="0" bec="0" bev="0" fileid="5" />
                <SequencePoint vc="0" uspid="2513" ordinal="0" offset="1" sl="205" sc="0" el="205" ec="0" bec="0" bev="0" fileid="5" />
                <SequencePoint vc="0" uspid="2514" ordinal="0" offset="15" sl="206" sc="0" el="206" ec="0" bec="0" bev="0" fileid="5" />
                <SequencePoint vc="0" uspid="2515" ordinal="0" offset="19" sl="207" sc="0" el="207" ec="0" bec="0" bev="0" fileid="5" />
              </SequencePoints>
              <BranchPoints />
            </Method>
            <Method visited="false" cyclomaticComplexity="0" nPathComplexity="0" sequenceCoverage="0.0" branchCoverage="0" crapScore="0" isConstructor="true" isStatic="false" isGetter="false" isSetter="false">
              <Summary numSequencePoints="2" visitedSequencePoints="0" numBranchPoints="0" visitedBranchPoints="0" sequenceCoverage="0.0" branchCoverage="0" maxCyclomaticComplexity="0" minCyclomaticComplexity="0" maxCrapScore="0" minCrapScore="0" visitedClasses="0" numClasses="0" visitedMethods="0" numMethods="1" />
              <MetadataToken>100663314</MetadataToken>
              <Name>FixedSizedQueue[T]::FixedSizedQueue()</Name>
              <FileRef uid="5" />
              <SequencePoints>
                <SequencePoint vc="0" uspid="2516" ordinal="0" offset="0" sl="180" sc="0" el="180" ec="0" bec="0" bev="0" fileid="5" />
                <SequencePoint vc="0" uspid="2517" ordinal="0" offset="11" sl="181" sc="0" el="181" ec="0" bec="0" bev="0" fileid="5" />
              </SequencePoints>
              <BranchPoints />
            </Method>
          </Methods>
        </Class>
        <Class>
          <Summary numSequencePoints="7" visitedSequencePoints="7" numBranchPoints="0" visitedBranchPoints="0" sequenceCoverage="100.0" branchCoverage="0.0" maxCyclomaticComplexity="0" minCyclomaticComplexity="0" maxCrapScore="0" minCrapScore="0" visitedClasses="1" numClasses="1" visitedMethods="1" numMethods="1" />
          <FullName>ViRSE.PluginRuntime.WorldStateSyncer</FullName>
          <Methods>
            <Method visited="true" cyclomaticComplexity="0" nPathComplexity="0" sequenceCoverage="100.0" branchCoverage="0" crapScore="0" isConstructor="true" isStatic="false" isGetter="false" isSetter="false">
              <Summary numSequencePoints="7" visitedSequencePoints="7" numBranchPoints="0" visitedBranchPoints="0" sequenceCoverage="100.0" branchCoverage="0" maxCyclomaticComplexity="0" minCyclomaticComplexity="0" maxCrapScore="0" minCrapScore="0" visitedClasses="0" numClasses="0" visitedMethods="1" numMethods="1" />
              <MetadataToken>100663368</MetadataToken>
              <Name>ViRSE.PluginRuntime.WorldStateSyncer::WorldStateSyncer()</Name>
              <FileRef uid="10" />
              <SequencePoints>
                <SequencePoint vc="1" uspid="2818" ordinal="0" offset="0" sl="18" sc="9" el="18" ec="9" bec="0" bev="0" fileid="10" />
                <SequencePoint vc="1" uspid="2819" ordinal="0" offset="7" sl="20" sc="36" el="20" ec="36" bec="0" bev="0" fileid="10" />
                <SequencePoint vc="1" uspid="2820" ordinal="0" offset="14" sl="23" sc="9" el="23" ec="9" bec="0" bev="0" fileid="10" />
                <SequencePoint vc="1" uspid="2821" ordinal="0" offset="25" sl="24" sc="9" el="24" ec="9" bec="0" bev="0" fileid="10" />
                <SequencePoint vc="1" uspid="2822" ordinal="0" offset="36" sl="37" sc="9" el="37" ec="9" bec="0" bev="0" fileid="10" />
                <SequencePoint vc="1" uspid="2823" ordinal="0" offset="43" sl="37" sc="35" el="37" ec="35" bec="0" bev="0" fileid="10" />
                <SequencePoint vc="1" uspid="2824" ordinal="0" offset="44" sl="37" sc="37" el="37" ec="37" bec="0" bev="0" fileid="10" />
              </SequencePoints>
              <BranchPoints />
            </Method>
          </Methods>
        </Class>
        <Class>
          <Summary numSequencePoints="3" visitedSequencePoints="3" numBranchPoints="0" visitedBranchPoints="0" sequenceCoverage="100.0" branchCoverage="0.0" maxCyclomaticComplexity="0" minCyclomaticComplexity="0" maxCrapScore="0" minCrapScore="0" visitedClasses="1" numClasses="1" visitedMethods="1" numMethods="1" />
          <FullName>ViRSE.PluginRuntime.VComponents.GeneralInteractionConfig</FullName>
          <Methods>
            <Method visited="true" cyclomaticComplexity="0" nPathComplexity="0" sequenceCoverage="100.0" branchCoverage="0" crapScore="0" isConstructor="true" isStatic="false" isGetter="false" isSetter="false">
              <Summary numSequencePoints="3" visitedSequencePoints="3" numBranchPoints="0" visitedBranchPoints="0" sequenceCoverage="100.0" branchCoverage="0" maxCyclomaticComplexity="0" minCyclomaticComplexity="0" maxCrapScore="0" minCrapScore="0" visitedClasses="0" numClasses="0" visitedMethods="1" numMethods="1" />
              <MetadataToken>100663384</MetadataToken>
              <Name>ViRSE.PluginRuntime.VComponents.GeneralInteractionConfig::GeneralInteractionConfig()</Name>
              <FileRef uid="12" />
              <SequencePoints>
                <SequencePoint vc="2" uspid="2828" ordinal="0" offset="0" sl="13" sc="26" el="13" ec="26" bec="0" bev="0" fileid="12" />
                <SequencePoint vc="2" uspid="2829" ordinal="0" offset="7" sl="17" sc="26" el="17" ec="26" bec="0" bev="0" fileid="12" />
                <SequencePoint vc="2" uspid="2830" ordinal="0" offset="14" sl="20" sc="26" el="20" ec="26" bec="0" bev="0" fileid="12" />
              </SequencePoints>
              <BranchPoints />
            </Method>
          </Methods>
        </Class>
        <Class>
          <Summary numSequencePoints="6" visitedSequencePoints="6" numBranchPoints="0" visitedBranchPoints="0" sequenceCoverage="100.0" branchCoverage="0.0" maxCyclomaticComplexity="0" minCyclomaticComplexity="0" maxCrapScore="0" minCrapScore="0" visitedClasses="1" numClasses="1" visitedMethods="2" numMethods="2" />
          <FullName>ViRSE.PluginRuntime.VComponents.GeneralInteractionModule</FullName>
          <Methods>
            <Method visited="true" cyclomaticComplexity="0" nPathComplexity="0" sequenceCoverage="100.0" branchCoverage="0" crapScore="0" isConstructor="false" isStatic="false" isGetter="false" isSetter="true">
              <Summary numSequencePoints="1" visitedSequencePoints="1" numBranchPoints="0" visitedBranchPoints="0" sequenceCoverage="100.0" branchCoverage="0" maxCyclomaticComplexity="0" minCyclomaticComplexity="0" maxCrapScore="0" minCrapScore="0" visitedClasses="0" numClasses="0" visitedMethods="1" numMethods="1" />
              <MetadataToken>100663388</MetadataToken>
              <Name>System.Void ViRSE.PluginRuntime.VComponents.GeneralInteractionModule::set_Config(ViRSE.PluginRuntime.VComponents.GeneralInteractionConfig)</Name>
              <FileRef uid="12" />
              <SequencePoints>
                <SequencePoint vc="1" uspid="2838" ordinal="0" offset="0" sl="29" sc="55" el="29" ec="55" bec="0" bev="0" fileid="12" />
              </SequencePoints>
              <BranchPoints />
            </Method>
            <Method visited="true" cyclomaticComplexity="0" nPathComplexity="0" sequenceCoverage="100.0" branchCoverage="0" crapScore="0" isConstructor="true" isStatic="false" isGetter="false" isSetter="false">
              <Summary numSequencePoints="5" visitedSequencePoints="5" numBranchPoints="0" visitedBranchPoints="0" sequenceCoverage="100.0" branchCoverage="0" maxCyclomaticComplexity="0" minCyclomaticComplexity="0" maxCrapScore="0" minCrapScore="0" visitedClasses="0" numClasses="0" visitedMethods="1" numMethods="1" />
              <MetadataToken>100663393</MetadataToken>
              <Name>ViRSE.PluginRuntime.VComponents.GeneralInteractionModule::GeneralInteractionModule(ViRSE.PluginRuntime.VComponents.GeneralInteractionConfig)</Name>
              <FileRef uid="12" />
              <SequencePoints>
                <SequencePoint vc="1" uspid="2851" ordinal="0" offset="0" sl="30" sc="69" el="30" ec="69" bec="0" bev="0" fileid="12" />
                <SequencePoint vc="1" uspid="2852" ordinal="0" offset="11" sl="34" sc="9" el="34" ec="9" bec="0" bev="0" fileid="12" />
                <SequencePoint vc="1" uspid="2853" ordinal="0" offset="18" sl="35" sc="9" el="35" ec="9" bec="0" bev="0" fileid="12" />
                <SequencePoint vc="1" uspid="2854" ordinal="0" offset="19" sl="36" sc="13" el="36" ec="13" bec="0" bev="0" fileid="12" />
                <SequencePoint vc="1" uspid="2855" ordinal="0" offset="27" sl="37" sc="9" el="37" ec="9" bec="0" bev="0" fileid="12" />
              </SequencePoints>
              <BranchPoints />
            </Method>
          </Methods>
        </Class>
        <Class>
          <Summary numSequencePoints="6" visitedSequencePoints="6" numBranchPoints="0" visitedBranchPoints="0" sequenceCoverage="100.0" branchCoverage="0.0" maxCyclomaticComplexity="0" minCyclomaticComplexity="0" maxCrapScore="0" minCrapScore="0" visitedClasses="1" numClasses="1" visitedMethods="2" numMethods="2" />
          <FullName>ViRSE.PluginRuntime.VComponents.RangedClickInteractionModule</FullName>
          <Methods>
            <Method visited="true" cyclomaticComplexity="0" nPathComplexity="0" sequenceCoverage="100.0" branchCoverage="0" crapScore="0" isConstructor="false" isStatic="false" isGetter="false" isSetter="false">
              <Summary numSequencePoints="3" visitedSequencePoints="3" numBranchPoints="0" visitedBranchPoints="0" sequenceCoverage="100.0" branchCoverage="0" maxCyclomaticComplexity="0" minCyclomaticComplexity="0" maxCrapScore="0" minCrapScore="0" visitedClasses="0" numClasses="0" visitedMethods="1" numMethods="1" />
              <MetadataToken>100663395</MetadataToken>
              <Name>System.Void ViRSE.PluginRuntime.VComponents.RangedClickInteractionModule::InvokeOnClickDown(ViRSE.InteractorID)</Name>
              <FileRef uid="13" />
              <SequencePoints>
                <SequencePoint vc="2" uspid="2856" ordinal="0" offset="0" sl="14" sc="9" el="14" ec="9" bec="0" bev="0" fileid="13" />
                <SequencePoint vc="2" uspid="2857" ordinal="0" offset="1" sl="16" sc="13" el="16" ec="13" bec="0" bev="0" fileid="13" />
                <SequencePoint vc="2" uspid="2858" ordinal="0" offset="20" sl="17" sc="9" el="17" ec="9" bec="0" bev="0" fileid="13" />
              </SequencePoints>
              <BranchPoints />
            </Method>
            <Method visited="true" cyclomaticComplexity="0" nPathComplexity="0" sequenceCoverage="100.0" branchCoverage="0" crapScore="0" isConstructor="true" isStatic="false" isGetter="false" isSetter="false">
              <Summary numSequencePoints="3" visitedSequencePoints="3" numBranchPoints="0" visitedBranchPoints="0" sequenceCoverage="100.0" branchCoverage="0" maxCyclomaticComplexity="0" minCyclomaticComplexity="0" maxCrapScore="0" minCrapScore="0" visitedClasses="0" numClasses="0" visitedMethods="1" numMethods="1" />
              <MetadataToken>100663398</MetadataToken>
              <Name>ViRSE.PluginRuntime.VComponents.RangedClickInteractionModule::RangedClickInteractionModule(ViRSE.PluginRuntime.VComponents.RangedInteractionConfig)</Name>
              <FileRef uid="13" />
              <SequencePoints>
                <SequencePoint vc="1" uspid="2859" ordinal="0" offset="0" sl="22" sc="79" el="22" ec="79" bec="0" bev="0" fileid="13" />
                <SequencePoint vc="1" uspid="2860" ordinal="0" offset="8" sl="22" sc="92" el="22" ec="92" bec="0" bev="0" fileid="13" />
                <SequencePoint vc="1" uspid="2861" ordinal="0" offset="9" sl="22" sc="94" el="22" ec="94" bec="0" bev="0" fileid="13" />
              </SequencePoints>
              <BranchPoints />
            </Method>
          </Methods>
        </Class>
        <Class>
          <Summary numSequencePoints="1" visitedSequencePoints="1" numBranchPoints="0" visitedBranchPoints="0" sequenceCoverage="100.0" branchCoverage="0.0" maxCyclomaticComplexity="0" minCyclomaticComplexity="0" maxCrapScore="0" minCrapScore="0" visitedClasses="1" numClasses="1" visitedMethods="1" numMethods="1" />
          <FullName>ViRSE.PluginRuntime.VComponents.RangedInteractionConfig</FullName>
          <Methods>
            <Method visited="true" cyclomaticComplexity="0" nPathComplexity="0" sequenceCoverage="100.0" branchCoverage="0" crapScore="0" isConstructor="true" isStatic="false" isGetter="false" isSetter="false">
              <Summary numSequencePoints="1" visitedSequencePoints="1" numBranchPoints="0" visitedBranchPoints="0" sequenceCoverage="100.0" branchCoverage="0" maxCyclomaticComplexity="0" minCyclomaticComplexity="0" maxCrapScore="0" minCrapScore="0" visitedClasses="0" numClasses="0" visitedMethods="1" numMethods="1" />
              <MetadataToken>100663399</MetadataToken>
              <Name>ViRSE.PluginRuntime.VComponents.RangedInteractionConfig::RangedInteractionConfig()</Name>
              <FileRef uid="14" />
              <SequencePoints>
                <SequencePoint vc="2" uspid="2862" ordinal="0" offset="0" sl="14" sc="26" el="14" ec="26" bec="0" bev="0" fileid="14" />
              </SequencePoints>
              <BranchPoints />
            </Method>
          </Methods>
        </Class>
        <Class>
          <Summary numSequencePoints="4" visitedSequencePoints="4" numBranchPoints="0" visitedBranchPoints="0" sequenceCoverage="100.0" branchCoverage="0.0" maxCyclomaticComplexity="0" minCyclomaticComplexity="0" maxCrapScore="0" minCrapScore="0" visitedClasses="1" numClasses="1" visitedMethods="1" numMethods="1" />
          <FullName>ViRSE.PluginRuntime.VComponents.RangedInteractionModule</FullName>
          <Methods>
            <Method visited="true" cyclomaticComplexity="0" nPathComplexity="0" sequenceCoverage="100.0" branchCoverage="0" crapScore="0" isConstructor="true" isStatic="false" isGetter="false" isSetter="false">
              <Summary numSequencePoints="4" visitedSequencePoints="4" numBranchPoints="0" visitedBranchPoints="0" sequenceCoverage="100.0" branchCoverage="0" maxCyclomaticComplexity="0" minCyclomaticComplexity="0" maxCrapScore="0" minCrapScore="0" visitedClasses="0" numClasses="0" visitedMethods="1" numMethods="1" />
              <MetadataToken>100663402</MetadataToken>
              <Name>ViRSE.PluginRuntime.VComponents.RangedInteractionModule::RangedInteractionModule(ViRSE.PluginRuntime.VComponents.RangedInteractionConfig)</Name>
              <FileRef uid="14" />
              <SequencePoints>
                <SequencePoint vc="1" uspid="2869" ordinal="0" offset="0" sl="33" sc="9" el="33" ec="9" bec="0" bev="0" fileid="14" />
                <SequencePoint vc="1" uspid="2870" ordinal="0" offset="7" sl="34" sc="9" el="34" ec="9" bec="0" bev="0" fileid="14" />
                <SequencePoint vc="1" uspid="2871" ordinal="0" offset="8" sl="35" sc="13" el="35" ec="13" bec="0" bev="0" fileid="14" />
                <SequencePoint vc="1" uspid="2872" ordinal="0" offset="15" sl="36" sc="9" el="36" ec="9" bec="0" bev="0" fileid="14" />
              </SequencePoints>
              <BranchPoints />
            </Method>
          </Methods>
        </Class>
        <Class>
          <Summary numSequencePoints="5" visitedSequencePoints="5" numBranchPoints="0" visitedBranchPoints="0" sequenceCoverage="100.0" branchCoverage="0.0" maxCyclomaticComplexity="0" minCyclomaticComplexity="0" maxCrapScore="0" minCrapScore="0" visitedClasses="1" numClasses="1" visitedMethods="1" numMethods="1" />
          <FullName>ViRSE.PluginRuntime.VComponents.WorldStateSyncableConfig</FullName>
          <Methods>
            <Method visited="true" cyclomaticComplexity="0" nPathComplexity="0" sequenceCoverage="100.0" branchCoverage="0" crapScore="0" isConstructor="true" isStatic="false" isGetter="false" isSetter="false">
              <Summary numSequencePoints="5" visitedSequencePoints="5" numBranchPoints="0" visitedBranchPoints="0" sequenceCoverage="100.0" branchCoverage="0" maxCyclomaticComplexity="0" minCyclomaticComplexity="0" maxCrapScore="0" minCrapScore="0" visitedClasses="0" numClasses="0" visitedMethods="1" numMethods="1" />
              <MetadataToken>100663423</MetadataToken>
              <Name>ViRSE.PluginRuntime.VComponents.WorldStateSyncableConfig::WorldStateSyncableConfig(System.String)</Name>
              <FileRef uid="17" />
              <SequencePoints>
                <SequencePoint vc="2" uspid="2978" ordinal="0" offset="0" sl="21" sc="26" el="21" ec="26" bec="0" bev="0" fileid="17" />
                <SequencePoint vc="2" uspid="2979" ordinal="0" offset="11" sl="29" sc="9" el="29" ec="9" bec="0" bev="0" fileid="17" />
                <SequencePoint vc="2" uspid="2980" ordinal="0" offset="18" sl="30" sc="9" el="30" ec="9" bec="0" bev="0" fileid="17" />
                <SequencePoint vc="2" uspid="2981" ordinal="0" offset="19" sl="31" sc="13" el="31" ec="13" bec="0" bev="0" fileid="17" />
                <SequencePoint vc="2" uspid="2982" ordinal="0" offset="26" sl="32" sc="9" el="32" ec="9" bec="0" bev="0" fileid="17" />
              </SequencePoints>
              <BranchPoints />
            </Method>
          </Methods>
        </Class>
        <Class>
          <Summary numSequencePoints="2" visitedSequencePoints="2" numBranchPoints="0" visitedBranchPoints="0" sequenceCoverage="100.0" branchCoverage="0.0" maxCyclomaticComplexity="0" minCyclomaticComplexity="0" maxCrapScore="0" minCrapScore="0" visitedClasses="1" numClasses="1" visitedMethods="1" numMethods="1" />
          <FullName>ViRSE.PluginRuntime.VComponents.ActivatableStateConfig</FullName>
          <Methods>
            <Method visited="true" cyclomaticComplexity="0" nPathComplexity="0" sequenceCoverage="100.0" branchCoverage="0" crapScore="0" isConstructor="true" isStatic="false" isGetter="false" isSetter="false">
              <Summary numSequencePoints="2" visitedSequencePoints="2" numBranchPoints="0" visitedBranchPoints="0" sequenceCoverage="100.0" branchCoverage="0" maxCyclomaticComplexity="0" minCyclomaticComplexity="0" maxCrapScore="0" minCrapScore="0" visitedClasses="0" numClasses="0" visitedMethods="1" numMethods="1" />
              <MetadataToken>100663442</MetadataToken>
              <Name>ViRSE.PluginRuntime.VComponents.ActivatableStateConfig::ActivatableStateConfig()</Name>
              <FileRef uid="18" />
              <SequencePoints>
                <SequencePoint vc="2" uspid="3075" ordinal="0" offset="0" sl="14" sc="26" el="14" ec="26" bec="0" bev="0" fileid="18" />
                <SequencePoint vc="2" uspid="3076" ordinal="0" offset="11" sl="15" sc="26" el="15" ec="26" bec="0" bev="0" fileid="18" />
              </SequencePoints>
              <BranchPoints />
            </Method>
          </Methods>
        </Class>
        <Class>
          <Summary numSequencePoints="37" visitedSequencePoints="29" numBranchPoints="0" visitedBranchPoints="0" sequenceCoverage="78.38" branchCoverage="0.0" maxCyclomaticComplexity="0" minCyclomaticComplexity="0" maxCrapScore="0" minCrapScore="0" visitedClasses="1" numClasses="1" visitedMethods="9" numMethods="9" />
          <FullName>ViRSE.PluginRuntime.VComponents.SingleInteractorActivatableStateModule</FullName>
          <Methods>
            <Method visited="true" cyclomaticComplexity="0" nPathComplexity="0" sequenceCoverage="100.0" branchCoverage="0" crapScore="0" isConstructor="false" isStatic="false" isGetter="false" isSetter="false">
              <Summary numSequencePoints="1" visitedSequencePoints="1" numBranchPoints="0" visitedBranchPoints="0" sequenceCoverage="100.0" branchCoverage="0" maxCyclomaticComplexity="0" minCyclomaticComplexity="0" maxCrapScore="0" minCrapScore="0" visitedClasses="0" numClasses="0" visitedMethods="1" numMethods="1" />
              <MetadataToken>100663443</MetadataToken>
              <Name>UnityEngine.Events.UnityEvent ViRSE.PluginRuntime.VComponents.SingleInteractorActivatableStateModule.ViRSE.PluginRuntime.VComponents.ISingleInteractorActivatableStateModule::get_OnActivate()</Name>
              <FileRef uid="18" />
              <SequencePoints>
                <SequencePoint vc="1" uspid="3077" ordinal="0" offset="0" sl="21" sc="74" el="21" ec="74" bec="0" bev="0" fileid="18" />
              </SequencePoints>
              <BranchPoints />
            </Method>
            <Method visited="true" cyclomaticComplexity="0" nPathComplexity="0" sequenceCoverage="100.0" branchCoverage="0" crapScore="0" isConstructor="false" isStatic="false" isGetter="false" isSetter="false">
              <Summary numSequencePoints="1" visitedSequencePoints="1" numBranchPoints="0" visitedBranchPoints="0" sequenceCoverage="100.0" branchCoverage="0" maxCyclomaticComplexity="0" minCyclomaticComplexity="0" maxCrapScore="0" minCrapScore="0" visitedClasses="0" numClasses="0" visitedMethods="1" numMethods="1" />
              <MetadataToken>100663444</MetadataToken>
              <Name>UnityEngine.Events.UnityEvent ViRSE.PluginRuntime.VComponents.SingleInteractorActivatableStateModule.ViRSE.PluginRuntime.VComponents.ISingleInteractorActivatableStateModule::get_OnDeactivate()</Name>
              <FileRef uid="18" />
              <SequencePoints>
                <SequencePoint vc="1" uspid="3078" ordinal="0" offset="0" sl="22" sc="76" el="22" ec="76" bec="0" bev="0" fileid="18" />
              </SequencePoints>
              <BranchPoints />
            </Method>
            <Method visited="true" cyclomaticComplexity="0" nPathComplexity="0" sequenceCoverage="100.0" branchCoverage="0" crapScore="0" isConstructor="false" isStatic="false" isGetter="false" isSetter="false">
              <Summary numSequencePoints="1" visitedSequencePoints="1" numBranchPoints="0" visitedBranchPoints="0" sequenceCoverage="100.0" branchCoverage="0" maxCyclomaticComplexity="0" minCyclomaticComplexity="0" maxCrapScore="0" minCrapScore="0" visitedClasses="0" numClasses="0" visitedMethods="1" numMethods="1" />
              <MetadataToken>100663447</MetadataToken>
              <Name>ViRSE.InteractorID ViRSE.PluginRuntime.VComponents.SingleInteractorActivatableStateModule.ViRSE.PluginRuntime.VComponents.ISingleInteractorActivatableStateModule::get_CurrentInteractor()</Name>
              <FileRef uid="18" />
              <SequencePoints>
                <SequencePoint vc="2" uspid="3081" ordinal="0" offset="0" sl="24" sc="83" el="24" ec="83" bec="0" bev="0" fileid="18" />
              </SequencePoints>
              <BranchPoints />
            </Method>
            <Method visited="true" cyclomaticComplexity="0" nPathComplexity="0" sequenceCoverage="100.0" branchCoverage="0" crapScore="0" isConstructor="false" isStatic="false" isGetter="true" isSetter="false">
              <Summary numSequencePoints="1" visitedSequencePoints="1" numBranchPoints="0" visitedBranchPoints="0" sequenceCoverage="100.0" branchCoverage="0" maxCyclomaticComplexity="0" minCyclomaticComplexity="0" maxCrapScore="0" minCrapScore="0" visitedClasses="0" numClasses="0" visitedMethods="1" numMethods="1" />
              <MetadataToken>100663448</MetadataToken>
              <Name>ViRSE.PluginRuntime.VComponents.SingleInteractorActivatableState ViRSE.PluginRuntime.VComponents.SingleInteractorActivatableStateModule::get_State()</Name>
              <FileRef uid="18" />
              <SequencePoints>
                <SequencePoint vc="14" uspid="3082" ordinal="0" offset="0" sl="30" sc="57" el="30" ec="57" bec="0" bev="0" fileid="18" />
              </SequencePoints>
              <BranchPoints />
            </Method>
            <Method visited="true" cyclomaticComplexity="0" nPathComplexity="0" sequenceCoverage="100.0" branchCoverage="0" crapScore="0" isConstructor="false" isStatic="false" isGetter="false" isSetter="true">
              <Summary numSequencePoints="1" visitedSequencePoints="1" numBranchPoints="0" visitedBranchPoints="0" sequenceCoverage="100.0" branchCoverage="0" maxCyclomaticComplexity="0" minCyclomaticComplexity="0" maxCrapScore="0" minCrapScore="0" visitedClasses="0" numClasses="0" visitedMethods="1" numMethods="1" />
              <MetadataToken>100663449</MetadataToken>
              <Name>System.Void ViRSE.PluginRuntime.VComponents.SingleInteractorActivatableStateModule::set_State(ViRSE.PluginRuntime.VComponents.SingleInteractorActivatableState)</Name>
              <FileRef uid="18" />
              <SequencePoints>
                <SequencePoint vc="1" uspid="3083" ordinal="0" offset="0" sl="30" sc="62" el="30" ec="62" bec="0" bev="0" fileid="18" />
              </SequencePoints>
              <BranchPoints />
            </Method>
            <Method visited="true" cyclomaticComplexity="0" nPathComplexity="0" sequenceCoverage="100.0" branchCoverage="0" crapScore="0" isConstructor="false" isStatic="false" isGetter="false" isSetter="false">
              <Summary numSequencePoints="8" visitedSequencePoints="8" numBranchPoints="0" visitedBranchPoints="0" sequenceCoverage="100.0" branchCoverage="0" maxCyclomaticComplexity="0" minCyclomaticComplexity="0" maxCrapScore="0" minCrapScore="0" visitedClasses="0" numClasses="0" visitedMethods="1" numMethods="1" />
              <MetadataToken>100663454</MetadataToken>
              <Name>System.Void ViRSE.PluginRuntime.VComponents.SingleInteractorActivatableStateModule::InvertState(ViRSE.InteractorID)</Name>
              <FileRef uid="18" />
              <SequencePoints>
                <SequencePoint vc="2" uspid="3089" ordinal="0" offset="0" sl="49" sc="9" el="49" ec="9" bec="0" bev="0" fileid="18" />
                <SequencePoint vc="2" uspid="3090" ordinal="0" offset="1" sl="50" sc="13" el="50" ec="13" bec="0" bev="0" fileid="18" />
                <SequencePoint vc="2" uspid="3091" ordinal="0" offset="27" sl="51" sc="13" el="51" ec="13" bec="0" bev="0" fileid="18" />
                <SequencePoint vc="2" uspid="3092" ordinal="0" offset="56" sl="52" sc="13" el="52" ec="13" bec="0" bev="0" fileid="18" />
                <SequencePoint vc="2" uspid="3093" ordinal="0" offset="79" sl="54" sc="13" el="54" ec="13" bec="0" bev="0" fileid="18" />
                <SequencePoint vc="1" uspid="3094" ordinal="0" offset="94" sl="55" sc="17" el="55" ec="17" bec="0" bev="0" fileid="18" />
                <SequencePoint vc="1" uspid="3095" ordinal="0" offset="103" sl="57" sc="17" el="57" ec="17" bec="0" bev="0" fileid="18" />
                <SequencePoint vc="2" uspid="3096" ordinal="0" offset="110" sl="58" sc="9" el="58" ec="9" bec="0" bev="0" fileid="18" />
              </SequencePoints>
              <BranchPoints />
            </Method>
            <Method visited="true" cyclomaticComplexity="0" nPathComplexity="0" sequenceCoverage="55.56" branchCoverage="0" crapScore="0" isConstructor="false" isStatic="false" isGetter="false" isSetter="false">
              <Summary numSequencePoints="9" visitedSequencePoints="5" numBranchPoints="0" visitedBranchPoints="0" sequenceCoverage="55.56" branchCoverage="0" maxCyclomaticComplexity="0" minCyclomaticComplexity="0" maxCrapScore="0" minCrapScore="0" visitedClasses="0" numClasses="0" visitedMethods="1" numMethods="1" />
              <MetadataToken>100663456</MetadataToken>
              <Name>System.Void ViRSE.PluginRuntime.VComponents.SingleInteractorActivatableStateModule::InvokeCustomerOnActivateEvent()</Name>
              <FileRef uid="18" />
              <SequencePoints>
                <SequencePoint vc="1" uspid="3105" ordinal="0" offset="0" sl="73" sc="9" el="73" ec="9" bec="0" bev="0" fileid="18" />
                <SequencePoint vc="1" uspid="3106" ordinal="0" offset="1" sl="75" sc="13" el="75" ec="13" bec="0" bev="0" fileid="18" />
                <SequencePoint vc="1" uspid="3107" ordinal="0" offset="2" sl="76" sc="17" el="76" ec="17" bec="0" bev="0" fileid="18" />
                <SequencePoint vc="1" uspid="3108" ordinal="0" offset="25" sl="77" sc="13" el="77" ec="13" bec="0" bev="0" fileid="18" />
                <SequencePoint vc="0" uspid="3109" ordinal="0" offset="28" sl="78" sc="13" el="78" ec="13" bec="0" bev="0" fileid="18" />
                <SequencePoint vc="0" uspid="3110" ordinal="0" offset="29" sl="79" sc="13" el="79" ec="13" bec="0" bev="0" fileid="18" />
                <SequencePoint vc="0" uspid="3111" ordinal="0" offset="30" sl="80" sc="17" el="80" ec="17" bec="0" bev="0" fileid="18" />
                <SequencePoint vc="0" uspid="3112" ordinal="0" offset="98" sl="81" sc="13" el="81" ec="13" bec="0" bev="0" fileid="18" />
                <SequencePoint vc="1" uspid="3113" ordinal="0" offset="101" sl="82" sc="9" el="82" ec="9" bec="0" bev="0" fileid="18" />
              </SequencePoints>
              <BranchPoints />
            </Method>
            <Method visited="true" cyclomaticComplexity="0" nPathComplexity="0" sequenceCoverage="55.56" branchCoverage="0" crapScore="0" isConstructor="false" isStatic="false" isGetter="false" isSetter="false">
              <Summary numSequencePoints="9" visitedSequencePoints="5" numBranchPoints="0" visitedBranchPoints="0" sequenceCoverage="55.56" branchCoverage="0" maxCyclomaticComplexity="0" minCyclomaticComplexity="0" maxCrapScore="0" minCrapScore="0" visitedClasses="0" numClasses="0" visitedMethods="1" numMethods="1" />
              <MetadataToken>100663457</MetadataToken>
              <Name>System.Void ViRSE.PluginRuntime.VComponents.SingleInteractorActivatableStateModule::InvokeCustomerOnDeactivateEvent()</Name>
              <FileRef uid="18" />
              <SequencePoints>
                <SequencePoint vc="1" uspid="3114" ordinal="0" offset="0" sl="85" sc="9" el="85" ec="9" bec="0" bev="0" fileid="18" />
                <SequencePoint vc="1" uspid="3115" ordinal="0" offset="1" sl="87" sc="13" el="87" ec="13" bec="0" bev="0" fileid="18" />
                <SequencePoint vc="1" uspid="3116" ordinal="0" offset="2" sl="88" sc="17" el="88" ec="17" bec="0" bev="0" fileid="18" />
                <SequencePoint vc="1" uspid="3117" ordinal="0" offset="25" sl="89" sc="13" el="89" ec="13" bec="0" bev="0" fileid="18" />
                <SequencePoint vc="0" uspid="3118" ordinal="0" offset="28" sl="90" sc="13" el="90" ec="13" bec="0" bev="0" fileid="18" />
                <SequencePoint vc="0" uspid="3119" ordinal="0" offset="29" sl="91" sc="13" el="91" ec="13" bec="0" bev="0" fileid="18" />
                <SequencePoint vc="0" uspid="3120" ordinal="0" offset="30" sl="92" sc="17" el="92" ec="17" bec="0" bev="0" fileid="18" />
                <SequencePoint vc="0" uspid="3121" ordinal="0" offset="98" sl="93" sc="13" el="93" ec="13" bec="0" bev="0" fileid="18" />
                <SequencePoint vc="1" uspid="3122" ordinal="0" offset="101" sl="94" sc="9" el="94" ec="9" bec="0" bev="0" fileid="18" />
              </SequencePoints>
              <BranchPoints />
            </Method>
            <Method visited="true" cyclomaticComplexity="0" nPathComplexity="0" sequenceCoverage="100.0" branchCoverage="0" crapScore="0" isConstructor="true" isStatic="false" isGetter="false" isSetter="false">
              <Summary numSequencePoints="6" visitedSequencePoints="6" numBranchPoints="0" visitedBranchPoints="0" sequenceCoverage="100.0" branchCoverage="0" maxCyclomaticComplexity="0" minCyclomaticComplexity="0" maxCrapScore="0" minCrapScore="0" visitedClasses="0" numClasses="0" visitedMethods="1" numMethods="1" />
              <MetadataToken>100663452</MetadataToken>
              <Name>ViRSE.PluginRuntime.VComponents.SingleInteractorActivatableStateModule::SingleInteractorActivatableStateModule(ViRSE.PluginRuntime.VComponents.ActivatableStateConfig, ViRSE.ViRSENetworkSerializable, System.String)</Name>
              <FileRef uid="18" />
              <SequencePoints>
                <SequencePoint vc="1" uspid="3123" ordinal="0" offset="0" sl="33" sc="9" el="33" ec="9" bec="0" bev="0" fileid="18" />
                <SequencePoint vc="1" uspid="3124" ordinal="0" offset="7" sl="34" sc="9" el="34" ec="9" bec="0" bev="0" fileid="18" />
                <SequencePoint vc="1" uspid="3125" ordinal="0" offset="8" sl="35" sc="13" el="35" ec="13" bec="0" bev="0" fileid="18" />
                <SequencePoint vc="1" uspid="3126" ordinal="0" offset="15" sl="36" sc="13" el="36" ec="13" bec="0" bev="0" fileid="18" />
                <SequencePoint vc="1" uspid="3127" ordinal="0" offset="22" sl="37" sc="13" el="37" ec="13" bec="0" bev="0" fileid="18" />
                <SequencePoint vc="1" uspid="3128" ordinal="0" offset="35" sl="38" sc="9" el="38" ec="9" bec="0" bev="0" fileid="18" />
              </SequencePoints>
              <BranchPoints />
            </Method>
          </Methods>
        </Class>
        <Class>
          <Summary numSequencePoints="12" visitedSequencePoints="12" numBranchPoints="0" visitedBranchPoints="0" sequenceCoverage="100.0" branchCoverage="0.0" maxCyclomaticComplexity="0" minCyclomaticComplexity="0" maxCrapScore="0" minCrapScore="0" visitedClasses="1" numClasses="1" visitedMethods="7" numMethods="7" />
          <FullName>ViRSE.PluginRuntime.VComponents.SingleInteractorActivatableState</FullName>
          <Methods>
            <Method visited="true" cyclomaticComplexity="0" nPathComplexity="0" sequenceCoverage="100.0" branchCoverage="0" crapScore="0" isConstructor="false" isStatic="false" isGetter="true" isSetter="false">
              <Summary numSequencePoints="1" visitedSequencePoints="1" numBranchPoints="0" visitedBranchPoints="0" sequenceCoverage="100.0" branchCoverage="0" maxCyclomaticComplexity="0" minCyclomaticComplexity="0" maxCrapScore="0" minCrapScore="0" visitedClasses="0" numClasses="0" visitedMethods="1" numMethods="1" />
              <MetadataToken>100663458</MetadataToken>
              <Name>System.UInt16 ViRSE.PluginRuntime.VComponents.SingleInteractorActivatableState::get_StateChangeNumber()</Name>
              <FileRef uid="18" />
              <SequencePoints>
                <SequencePoint vc="2" uspid="3129" ordinal="0" offset="0" sl="100" sc="43" el="100" ec="43" bec="0" bev="0" fileid="18" />
              </SequencePoints>
              <BranchPoints />
            </Method>
            <Method visited="true" cyclomaticComplexity="0" nPathComplexity="0" sequenceCoverage="100.0" branchCoverage="0" crapScore="0" isConstructor="false" isStatic="false" isGetter="false" isSetter="true">
              <Summary numSequencePoints="1" visitedSequencePoints="1" numBranchPoints="0" visitedBranchPoints="0" sequenceCoverage="100.0" branchCoverage="0" maxCyclomaticComplexity="0" minCyclomaticComplexity="0" maxCrapScore="0" minCrapScore="0" visitedClasses="0" numClasses="0" visitedMethods="1" numMethods="1" />
              <MetadataToken>100663459</MetadataToken>
              <Name>System.Void ViRSE.PluginRuntime.VComponents.SingleInteractorActivatableState::set_StateChangeNumber(System.UInt16)</Name>
              <FileRef uid="18" />
              <SequencePoints>
                <SequencePoint vc="4" uspid="3130" ordinal="0" offset="0" sl="100" sc="48" el="100" ec="48" bec="0" bev="0" fileid="18" />
              </SequencePoints>
              <BranchPoints />
            </Method>
            <Method visited="true" cyclomaticComplexity="0" nPathComplexity="0" sequenceCoverage="100.0" branchCoverage="0" crapScore="0" isConstructor="false" isStatic="false" isGetter="true" isSetter="false">
              <Summary numSequencePoints="1" visitedSequencePoints="1" numBranchPoints="0" visitedBranchPoints="0" sequenceCoverage="100.0" branchCoverage="0" maxCyclomaticComplexity="0" minCyclomaticComplexity="0" maxCrapScore="0" minCrapScore="0" visitedClasses="0" numClasses="0" visitedMethods="1" numMethods="1" />
              <MetadataToken>100663460</MetadataToken>
              <Name>System.Boolean ViRSE.PluginRuntime.VComponents.SingleInteractorActivatableState::get_IsActivated()</Name>
              <FileRef uid="18" />
              <SequencePoints>
                <SequencePoint vc="6" uspid="3131" ordinal="0" offset="0" sl="101" sc="35" el="101" ec="35" bec="0" bev="0" fileid="18" />
              </SequencePoints>
              <BranchPoints />
            </Method>
            <Method visited="true" cyclomaticComplexity="0" nPathComplexity="0" sequenceCoverage="100.0" branchCoverage="0" crapScore="0" isConstructor="false" isStatic="false" isGetter="false" isSetter="true">
              <Summary numSequencePoints="1" visitedSequencePoints="1" numBranchPoints="0" visitedBranchPoints="0" sequenceCoverage="100.0" branchCoverage="0" maxCyclomaticComplexity="0" minCyclomaticComplexity="0" maxCrapScore="0" minCrapScore="0" visitedClasses="0" numClasses="0" visitedMethods="1" numMethods="1" />
              <MetadataToken>100663461</MetadataToken>
              <Name>System.Void ViRSE.PluginRuntime.VComponents.SingleInteractorActivatableState::set_IsActivated(System.Boolean)</Name>
              <FileRef uid="18" />
              <SequencePoints>
                <SequencePoint vc="4" uspid="3132" ordinal="0" offset="0" sl="101" sc="40" el="101" ec="40" bec="0" bev="0" fileid="18" />
              </SequencePoints>
              <BranchPoints />
            </Method>
            <Method visited="true" cyclomaticComplexity="0" nPathComplexity="0" sequenceCoverage="100.0" branchCoverage="0" crapScore="0" isConstructor="false" isStatic="false" isGetter="true" isSetter="false">
              <Summary numSequencePoints="1" visitedSequencePoints="1" numBranchPoints="0" visitedBranchPoints="0" sequenceCoverage="100.0" branchCoverage="0" maxCyclomaticComplexity="0" minCyclomaticComplexity="0" maxCrapScore="0" minCrapScore="0" visitedClasses="0" numClasses="0" visitedMethods="1" numMethods="1" />
              <MetadataToken>100663462</MetadataToken>
              <Name>ViRSE.InteractorID ViRSE.PluginRuntime.VComponents.SingleInteractorActivatableState::get_CurrentInteractor()</Name>
              <FileRef uid="18" />
              <SequencePoints>
                <SequencePoint vc="2" uspid="3133" ordinal="0" offset="0" sl="102" sc="49" el="102" ec="49" bec="0" bev="0" fileid="18" />
              </SequencePoints>
              <BranchPoints />
            </Method>
            <Method visited="true" cyclomaticComplexity="0" nPathComplexity="0" sequenceCoverage="100.0" branchCoverage="0" crapScore="0" isConstructor="false" isStatic="false" isGetter="false" isSetter="true">
              <Summary numSequencePoints="1" visitedSequencePoints="1" numBranchPoints="0" visitedBranchPoints="0" sequenceCoverage="100.0" branchCoverage="0" maxCyclomaticComplexity="0" minCyclomaticComplexity="0" maxCrapScore="0" minCrapScore="0" visitedClasses="0" numClasses="0" visitedMethods="1" numMethods="1" />
              <MetadataToken>100663463</MetadataToken>
              <Name>System.Void ViRSE.PluginRuntime.VComponents.SingleInteractorActivatableState::set_CurrentInteractor(ViRSE.InteractorID)</Name>
              <FileRef uid="18" />
              <SequencePoints>
                <SequencePoint vc="4" uspid="3134" ordinal="0" offset="0" sl="102" sc="54" el="102" ec="54" bec="0" bev="0" fileid="18" />
              </SequencePoints>
              <BranchPoints />
            </Method>
            <Method visited="true" cyclomaticComplexity="0" nPathComplexity="0" sequenceCoverage="100.0" branchCoverage="0" crapScore="0" isConstructor="true" isStatic="false" isGetter="false" isSetter="false">
              <Summary numSequencePoints="6" visitedSequencePoints="6" numBranchPoints="0" visitedBranchPoints="0" sequenceCoverage="100.0" branchCoverage="0" maxCyclomaticComplexity="0" minCyclomaticComplexity="0" maxCrapScore="0" minCrapScore="0" visitedClasses="0" numClasses="0" visitedMethods="1" numMethods="1" />
              <MetadataToken>100663464</MetadataToken>
              <Name>ViRSE.PluginRuntime.VComponents.SingleInteractorActivatableState::SingleInteractorActivatableState()</Name>
              <FileRef uid="18" />
              <SequencePoints>
                <SequencePoint vc="2" uspid="3163" ordinal="0" offset="0" sl="104" sc="9" el="104" ec="9" bec="0" bev="0" fileid="18" />
                <SequencePoint vc="2" uspid="3164" ordinal="0" offset="7" sl="105" sc="9" el="105" ec="9" bec="0" bev="0" fileid="18" />
                <SequencePoint vc="2" uspid="3165" ordinal="0" offset="8" sl="106" sc="13" el="106" ec="13" bec="0" bev="0" fileid="18" />
                <SequencePoint vc="2" uspid="3166" ordinal="0" offset="16" sl="107" sc="13" el="107" ec="13" bec="0" bev="0" fileid="18" />
                <SequencePoint vc="2" uspid="3167" ordinal="0" offset="24" sl="108" sc="13" el="108" ec="13" bec="0" bev="0" fileid="18" />
                <SequencePoint vc="2" uspid="3168" ordinal="0" offset="32" sl="109" sc="9" el="109" ec="9" bec="0" bev="0" fileid="18" />
              </SequencePoints>
              <BranchPoints />
            </Method>
          </Methods>
        </Class>
        <Class>
          <Summary numSequencePoints="4" visitedSequencePoints="4" numBranchPoints="0" visitedBranchPoints="0" sequenceCoverage="100.0" branchCoverage="0.0" maxCyclomaticComplexity="0" minCyclomaticComplexity="0" maxCrapScore="0" minCrapScore="0" visitedClasses="1" numClasses="1" visitedMethods="1" numMethods="1" />
          <FullName>ViRSE.PluginRuntime.VComponents.PushActivatableConfig</FullName>
          <Methods>
            <Method visited="true" cyclomaticComplexity="0" nPathComplexity="0" sequenceCoverage="100.0" branchCoverage="0" crapScore="0" isConstructor="true" isStatic="false" isGetter="false" isSetter="false">
              <Summary numSequencePoints="4" visitedSequencePoints="4" numBranchPoints="0" visitedBranchPoints="0" sequenceCoverage="100.0" branchCoverage="0" maxCyclomaticComplexity="0" minCyclomaticComplexity="0" maxCrapScore="0" minCrapScore="0" visitedClasses="0" numClasses="0" visitedMethods="1" numMethods="1" />
              <MetadataToken>100663467</MetadataToken>
              <Name>ViRSE.PluginRuntime.VComponents.PushActivatableConfig::PushActivatableConfig()</Name>
              <FileRef uid="19" />
              <SequencePoints>
                <SequencePoint vc="2" uspid="3169" ordinal="0" offset="0" sl="18" sc="37" el="18" ec="37" bec="0" bev="0" fileid="19" />
                <SequencePoint vc="2" uspid="3170" ordinal="0" offset="11" sl="19" sc="70" el="19" ec="70" bec="0" bev="0" fileid="19" />
                <SequencePoint vc="2" uspid="3171" ordinal="0" offset="22" sl="20" sc="70" el="20" ec="70" bec="0" bev="0" fileid="19" />
                <SequencePoint vc="2" uspid="3172" ordinal="0" offset="33" sl="21" sc="70" el="21" ec="70" bec="0" bev="0" fileid="19" />
              </SequencePoints>
              <BranchPoints />
            </Method>
          </Methods>
        </Class>
        <Class>
          <Summary numSequencePoints="2" visitedSequencePoints="2" numBranchPoints="0" visitedBranchPoints="0" sequenceCoverage="100.0" branchCoverage="0.0" maxCyclomaticComplexity="0" minCyclomaticComplexity="0" maxCrapScore="0" minCrapScore="0" visitedClasses="1" numClasses="1" visitedMethods="1" numMethods="1" />
          <FullName>ViRSE.PluginRuntime.VComponents.V_PushActivatable</FullName>
          <Methods>
            <Method visited="true" cyclomaticComplexity="0" nPathComplexity="0" sequenceCoverage="100.0" branchCoverage="0" crapScore="0" isConstructor="true" isStatic="false" isGetter="false" isSetter="false">
              <Summary numSequencePoints="2" visitedSequencePoints="2" numBranchPoints="0" visitedBranchPoints="0" sequenceCoverage="100.0" branchCoverage="0" maxCyclomaticComplexity="0" minCyclomaticComplexity="0" maxCrapScore="0" minCrapScore="0" visitedClasses="0" numClasses="0" visitedMethods="1" numMethods="1" />
              <MetadataToken>100663475</MetadataToken>
              <Name>ViRSE.PluginRuntime.VComponents.V_PushActivatable::V_PushActivatable()</Name>
              <FileRef uid="19" />
              <SequencePoints>
                <SequencePoint vc="1" uspid="3184" ordinal="0" offset="0" sl="40" sc="43" el="40" ec="43" bec="0" bev="0" fileid="19" />
                <SequencePoint vc="1" uspid="3185" ordinal="0" offset="7" sl="41" sc="43" el="41" ec="43" bec="0" bev="0" fileid="19" />
              </SequencePoints>
              <BranchPoints />
            </Method>
          </Methods>
        </Class>
        <Class>
          <Summary numSequencePoints="8" visitedSequencePoints="8" numBranchPoints="0" visitedBranchPoints="0" sequenceCoverage="100.0" branchCoverage="0.0" maxCyclomaticComplexity="0" minCyclomaticComplexity="0" maxCrapScore="0" minCrapScore="0" visitedClasses="1" numClasses="1" visitedMethods="1" numMethods="1" />
          <FullName>ViRSE.PluginRuntime.VComponents.PushActivatableFactory</FullName>
          <Methods>
            <Method visited="true" cyclomaticComplexity="0" nPathComplexity="0" sequenceCoverage="100.0" branchCoverage="0" crapScore="0" isConstructor="false" isStatic="true" isGetter="false" isSetter="false">
              <Summary numSequencePoints="8" visitedSequencePoints="8" numBranchPoints="0" visitedBranchPoints="0" sequenceCoverage="100.0" branchCoverage="0" maxCyclomaticComplexity="0" minCyclomaticComplexity="0" maxCrapScore="0" minCrapScore="0" visitedClasses="0" numClasses="0" visitedMethods="1" numMethods="1" />
              <MetadataToken>100663476</MetadataToken>
              <Name>static ViRSE.PluginRuntime.VComponents.PushActivatable ViRSE.PluginRuntime.VComponents.PushActivatableFactory::Create(ViRSE.PluginRuntime.VComponents.PushActivatableConfig, ViRSE.ViRSENetworkSerializable, ViRSE.PluginRuntime.WorldStateSyncer, ViRSE.ServerType, System.String)</Name>
              <FileRef uid="19" />
              <SequencePoints>
                <SequencePoint vc="1" uspid="3186" ordinal="0" offset="0" sl="69" sc="9" el="69" ec="9" bec="0" bev="0" fileid="19" />
                <SequencePoint vc="1" uspid="3187" ordinal="0" offset="1" sl="70" sc="13" el="70" ec="13" bec="0" bev="0" fileid="19" />
                <SequencePoint vc="1" uspid="3188" ordinal="0" offset="16" sl="71" sc="13" el="71" ec="13" bec="0" bev="0" fileid="19" />
                <SequencePoint vc="1" uspid="3189" ordinal="0" offset="28" sl="72" sc="13" el="72" ec="13" bec="0" bev="0" fileid="19" />
                <SequencePoint vc="1" uspid="3190" ordinal="0" offset="40" sl="73" sc="13" el="73" ec="13" bec="0" bev="0" fileid="19" />
                <SequencePoint vc="1" uspid="3191" ordinal="0" offset="46" sl="75" sc="13" el="75" ec="13" bec="0" bev="0" fileid="19" />
                <SequencePoint vc="1" uspid="3192" ordinal="0" offset="69" sl="79" sc="13" el="79" ec="13" bec="0" bev="0" fileid="19" />
                <SequencePoint vc="1" uspid="3193" ordinal="0" offset="84" sl="80" sc="9" el="80" ec="9" bec="0" bev="0" fileid="19" />
              </SequencePoints>
              <BranchPoints />
            </Method>
          </Methods>
        </Class>
        <Class>
          <Summary numSequencePoints="26" visitedSequencePoints="25" numBranchPoints="0" visitedBranchPoints="0" sequenceCoverage="96.15" branchCoverage="0.0" maxCyclomaticComplexity="0" minCyclomaticComplexity="0" maxCrapScore="0" minCrapScore="0" visitedClasses="1" numClasses="1" visitedMethods="11" numMethods="11" />
          <FullName>ViRSE.PluginRuntime.VComponents.PushActivatable</FullName>
          <Methods>
            <Method visited="true" cyclomaticComplexity="0" nPathComplexity="0" sequenceCoverage="100.0" branchCoverage="0" crapScore="0" isConstructor="false" isStatic="false" isGetter="true" isSetter="false">
              <Summary numSequencePoints="1" visitedSequencePoints="1" numBranchPoints="0" visitedBranchPoints="0" sequenceCoverage="100.0" branchCoverage="0" maxCyclomaticComplexity="0" minCyclomaticComplexity="0" maxCrapScore="0" minCrapScore="0" visitedClasses="0" numClasses="0" visitedMethods="1" numMethods="1" />
              <MetadataToken>100663477</MetadataToken>
              <Name>ViRSE.PluginRuntime.VComponents.SingleInteractorActivatableStateModule ViRSE.PluginRuntime.VComponents.PushActivatable::get_StateModule()</Name>
              <FileRef uid="19" />
              <SequencePoints>
                <SequencePoint vc="4" uspid="3194" ordinal="0" offset="0" sl="87" sc="69" el="87" ec="69" bec="0" bev="0" fileid="19" />
              </SequencePoints>
              <BranchPoints />
            </Method>
            <Method visited="true" cyclomaticComplexity="0" nPathComplexity="0" sequenceCoverage="100.0" branchCoverage="0" crapScore="0" isConstructor="false" isStatic="false" isGetter="false" isSetter="true">
              <Summary numSequencePoints="1" visitedSequencePoints="1" numBranchPoints="0" visitedBranchPoints="0" sequenceCoverage="100.0" branchCoverage="0" maxCyclomaticComplexity="0" minCyclomaticComplexity="0" maxCrapScore="0" minCrapScore="0" visitedClasses="0" numClasses="0" visitedMethods="1" numMethods="1" />
              <MetadataToken>100663478</MetadataToken>
              <Name>System.Void ViRSE.PluginRuntime.VComponents.PushActivatable::set_StateModule(ViRSE.PluginRuntime.VComponents.SingleInteractorActivatableStateModule)</Name>
              <FileRef uid="19" />
              <SequencePoints>
                <SequencePoint vc="1" uspid="3195" ordinal="0" offset="0" sl="87" sc="74" el="87" ec="74" bec="0" bev="0" fileid="19" />
              </SequencePoints>
              <BranchPoints />
            </Method>
            <Method visited="true" cyclomaticComplexity="0" nPathComplexity="0" sequenceCoverage="100.0" branchCoverage="0" crapScore="0" isConstructor="false" isStatic="false" isGetter="false" isSetter="true">
              <Summary numSequencePoints="1" visitedSequencePoints="1" numBranchPoints="0" visitedBranchPoints="0" sequenceCoverage="100.0" branchCoverage="0" maxCyclomaticComplexity="0" minCyclomaticComplexity="0" maxCrapScore="0" minCrapScore="0" visitedClasses="0" numClasses="0" visitedMethods="1" numMethods="1" />
              <MetadataToken>100663480</MetadataToken>
              <Name>System.Void ViRSE.PluginRuntime.VComponents.PushActivatable::set_GeneralInteractionModule(ViRSE.PluginRuntime.VComponents.GeneralInteractionModule)</Name>
              <FileRef uid="19" />
              <SequencePoints>
                <SequencePoint vc="1" uspid="3197" ordinal="0" offset="0" sl="88" sc="73" el="88" ec="73" bec="0" bev="0" fileid="19" />
              </SequencePoints>
              <BranchPoints />
            </Method>
            <Method visited="true" cyclomaticComplexity="0" nPathComplexity="0" sequenceCoverage="100.0" branchCoverage="0" crapScore="0" isConstructor="false" isStatic="false" isGetter="true" isSetter="false">
              <Summary numSequencePoints="1" visitedSequencePoints="1" numBranchPoints="0" visitedBranchPoints="0" sequenceCoverage="100.0" branchCoverage="0" maxCyclomaticComplexity="0" minCyclomaticComplexity="0" maxCrapScore="0" minCrapScore="0" visitedClasses="0" numClasses="0" visitedMethods="1" numMethods="1" />
              <MetadataToken>100663481</MetadataToken>
              <Name>ViRSE.PluginRuntime.VComponents.RangedClickInteractionModule ViRSE.PluginRuntime.VComponents.PushActivatable::get_RangedClickInteractionModule()</Name>
              <FileRef uid="19" />
              <SequencePoints>
                <SequencePoint vc="2" uspid="3198" ordinal="0" offset="0" sl="89" sc="76" el="89" ec="76" bec="0" bev="0" fileid="19" />
              </SequencePoints>
              <BranchPoints />
            </Method>
            <Method visited="true" cyclomaticComplexity="0" nPathComplexity="0" sequenceCoverage="100.0" branchCoverage="0" crapScore="0" isConstructor="false" isStatic="false" isGetter="false" isSetter="true">
              <Summary numSequencePoints="1" visitedSequencePoints="1" numBranchPoints="0" visitedBranchPoints="0" sequenceCoverage="100.0" branchCoverage="0" maxCyclomaticComplexity="0" minCyclomaticComplexity="0" maxCrapScore="0" minCrapScore="0" visitedClasses="0" numClasses="0" visitedMethods="1" numMethods="1" />
              <MetadataToken>100663482</MetadataToken>
              <Name>System.Void ViRSE.PluginRuntime.VComponents.PushActivatable::set_RangedClickInteractionModule(ViRSE.PluginRuntime.VComponents.RangedClickInteractionModule)</Name>
              <FileRef uid="19" />
              <SequencePoints>
                <SequencePoint vc="1" uspid="3199" ordinal="0" offset="0" sl="89" sc="81" el="89" ec="81" bec="0" bev="0" fileid="19" />
              </SequencePoints>
              <BranchPoints />
            </Method>
            <Method visited="true" cyclomaticComplexity="0" nPathComplexity="0" sequenceCoverage="100.0" branchCoverage="0" crapScore="0" isConstructor="false" isStatic="false" isGetter="true" isSetter="false">
              <Summary numSequencePoints="1" visitedSequencePoints="1" numBranchPoints="0" visitedBranchPoints="0" sequenceCoverage="100.0" branchCoverage="0" maxCyclomaticComplexity="0" minCyclomaticComplexity="0" maxCrapScore="0" minCrapScore="0" visitedClasses="0" numClasses="0" visitedMethods="1" numMethods="1" />
              <MetadataToken>100663483</MetadataToken>
              <Name>ViRSE.PluginRuntime.VComponents.ColliderInteractionModule ViRSE.PluginRuntime.VComponents.PushActivatable::get_ColliderInteractionModule()</Name>
              <FileRef uid="19" />
              <SequencePoints>
                <SequencePoint vc="1" uspid="3200" ordinal="0" offset="0" sl="90" sc="70" el="90" ec="70" bec="0" bev="0" fileid="19" />
              </SequencePoints>
              <BranchPoints />
            </Method>
            <Method visited="true" cyclomaticComplexity="0" nPathComplexity="0" sequenceCoverage="100.0" branchCoverage="0" crapScore="0" isConstructor="false" isStatic="false" isGetter="false" isSetter="true">
              <Summary numSequencePoints="1" visitedSequencePoints="1" numBranchPoints="0" visitedBranchPoints="0" sequenceCoverage="100.0" branchCoverage="0" maxCyclomaticComplexity="0" minCyclomaticComplexity="0" maxCrapScore="0" minCrapScore="0" visitedClasses="0" numClasses="0" visitedMethods="1" numMethods="1" />
              <MetadataToken>100663484</MetadataToken>
              <Name>System.Void ViRSE.PluginRuntime.VComponents.PushActivatable::set_ColliderInteractionModule(ViRSE.PluginRuntime.VComponents.ColliderInteractionModule)</Name>
              <FileRef uid="19" />
              <SequencePoints>
                <SequencePoint vc="1" uspid="3201" ordinal="0" offset="0" sl="90" sc="75" el="90" ec="75" bec="0" bev="0" fileid="19" />
              </SequencePoints>
              <BranchPoints />
            </Method>
            <Method visited="true" cyclomaticComplexity="0" nPathComplexity="0" sequenceCoverage="100.0" branchCoverage="0" crapScore="0" isConstructor="false" isStatic="false" isGetter="true" isSetter="false">
              <Summary numSequencePoints="1" visitedSequencePoints="1" numBranchPoints="0" visitedBranchPoints="0" sequenceCoverage="100.0" branchCoverage="0" maxCyclomaticComplexity="0" minCyclomaticComplexity="0" maxCrapScore="0" minCrapScore="0" visitedClasses="0" numClasses="0" visitedMethods="1" numMethods="1" />
              <MetadataToken>100663485</MetadataToken>
              <Name>ViRSE.PluginRuntime.VComponents.PredictiveWorldStateSyncableModule ViRSE.PluginRuntime.VComponents.PushActivatable::get_PredictiveSyncableModule()</Name>
              <FileRef uid="19" />
              <SequencePoints>
                <SequencePoint vc="3" uspid="3202" ordinal="0" offset="0" sl="91" sc="78" el="91" ec="78" bec="0" bev="0" fileid="19" />
              </SequencePoints>
              <BranchPoints />
            </Method>
            <Method visited="true" cyclomaticComplexity="0" nPathComplexity="0" sequenceCoverage="100.0" branchCoverage="0" crapScore="0" isConstructor="false" isStatic="false" isGetter="false" isSetter="true">
              <Summary numSequencePoints="1" visitedSequencePoints="1" numBranchPoints="0" visitedBranchPoints="0" sequenceCoverage="100.0" branchCoverage="0" maxCyclomaticComplexity="0" minCyclomaticComplexity="0" maxCrapScore="0" minCrapScore="0" visitedClasses="0" numClasses="0" visitedMethods="1" numMethods="1" />
              <MetadataToken>100663486</MetadataToken>
              <Name>System.Void ViRSE.PluginRuntime.VComponents.PushActivatable::set_PredictiveSyncableModule(ViRSE.PluginRuntime.VComponents.PredictiveWorldStateSyncableModule)</Name>
              <FileRef uid="19" />
              <SequencePoints>
                <SequencePoint vc="1" uspid="3203" ordinal="0" offset="0" sl="91" sc="83" el="91" ec="83" bec="0" bev="0" fileid="19" />
              </SequencePoints>
              <BranchPoints />
            </Method>
            <Method visited="true" cyclomaticComplexity="0" nPathComplexity="0" sequenceCoverage="100.0" branchCoverage="0" crapScore="0" isConstructor="false" isStatic="false" isGetter="false" isSetter="false">
              <Summary numSequencePoints="4" visitedSequencePoints="4" numBranchPoints="0" visitedBranchPoints="0" sequenceCoverage="100.0" branchCoverage="0" maxCyclomaticComplexity="0" minCyclomaticComplexity="0" maxCrapScore="0" minCrapScore="0" visitedClasses="0" numClasses="0" visitedMethods="1" numMethods="1" />
              <MetadataToken>100663488</MetadataToken>
              <Name>System.Void ViRSE.PluginRuntime.VComponents.PushActivatable::HandleOnInteract(ViRSE.InteractorID)</Name>
              <FileRef uid="19" />
              <SequencePoints>
                <SequencePoint vc="2" uspid="3204" ordinal="0" offset="0" sl="126" sc="9" el="126" ec="9" bec="0" bev="0" fileid="19" />
                <SequencePoint vc="2" uspid="3205" ordinal="0" offset="1" sl="128" sc="13" el="128" ec="13" bec="0" bev="0" fileid="19" />
                <SequencePoint vc="2" uspid="3206" ordinal="0" offset="14" sl="129" sc="13" el="129" ec="13" bec="0" bev="0" fileid="19" />
                <SequencePoint vc="2" uspid="3207" ordinal="0" offset="32" sl="130" sc="9" el="130" ec="9" bec="0" bev="0" fileid="19" />
              </SequencePoints>
              <BranchPoints />
            </Method>
            <Method visited="true" cyclomaticComplexity="0" nPathComplexity="0" sequenceCoverage="92.31" branchCoverage="0" crapScore="0" isConstructor="true" isStatic="false" isGetter="false" isSetter="false">
              <Summary numSequencePoints="13" visitedSequencePoints="12" numBranchPoints="0" visitedBranchPoints="0" sequenceCoverage="92.31" branchCoverage="0" maxCyclomaticComplexity="0" minCyclomaticComplexity="0" maxCrapScore="0" minCrapScore="0" visitedClasses="0" numClasses="0" visitedMethods="1" numMethods="1" />
              <MetadataToken>100663487</MetadataToken>
              <Name>ViRSE.PluginRuntime.VComponents.PushActivatable::PushActivatable(ViRSE.PluginRuntime.VComponents.SingleInteractorActivatableStateModule, ViRSE.PluginRuntime.VComponents.GeneralInteractionModule, ViRSE.PluginRuntime.VComponents.RangedClickInteractionModule, ViRSE.PluginRuntime.VComponents.ColliderInteractionModule, ViRSE.PluginRuntime.VComponents.PredictiveWorldStateSyncableModule)</Name>
              <FileRef uid="19" />
              <SequencePoints>
                <SequencePoint vc="1" uspid="3216" ordinal="0" offset="0" sl="99" sc="9" el="99" ec="9" bec="0" bev="0" fileid="19" />
                <SequencePoint vc="1" uspid="3217" ordinal="0" offset="7" sl="104" sc="9" el="104" ec="9" bec="0" bev="0" fileid="19" />
                <SequencePoint vc="1" uspid="3218" ordinal="0" offset="8" sl="105" sc="13" el="105" ec="13" bec="0" bev="0" fileid="19" />
                <SequencePoint vc="1" uspid="3219" ordinal="0" offset="16" sl="106" sc="13" el="106" ec="13" bec="0" bev="0" fileid="19" />
                <SequencePoint vc="1" uspid="3220" ordinal="0" offset="24" sl="107" sc="13" el="107" ec="13" bec="0" bev="0" fileid="19" />
                <SequencePoint vc="1" uspid="3221" ordinal="0" offset="32" sl="108" sc="13" el="108" ec="13" bec="0" bev="0" fileid="19" />
                <SequencePoint vc="1" uspid="3222" ordinal="0" offset="41" sl="109" sc="13" el="109" ec="13" bec="0" bev="0" fileid="19" />
                <SequencePoint vc="1" uspid="3223" ordinal="0" offset="50" sl="111" sc="13" el="111" ec="13" bec="0" bev="0" fileid="19" />
                <SequencePoint vc="1" uspid="3224" ordinal="0" offset="74" sl="112" sc="13" el="112" ec="13" bec="0" bev="0" fileid="19" />
                <SequencePoint vc="1" uspid="3225" ordinal="0" offset="98" sl="113" sc="13" el="113" ec="13" bec="0" bev="0" fileid="19" />
                <SequencePoint vc="1" uspid="3226" ordinal="0" offset="122" sl="118" sc="13" el="118" ec="13" bec="0" bev="0" fileid="19" />
                <SequencePoint vc="0" uspid="3227" ordinal="0" offset="135" sl="119" sc="17" el="119" ec="17" bec="0" bev="0" fileid="19" />
                <SequencePoint vc="1" uspid="3228" ordinal="0" offset="159" sl="120" sc="9" el="120" ec="9" bec="0" bev="0" fileid="19" />
              </SequencePoints>
              <BranchPoints />
            </Method>
          </Methods>
        </Class>
      </Classes>
    </Module>
    <Module>
      <Summary numSequencePoints="5" visitedSequencePoints="5" numBranchPoints="0" visitedBranchPoints="0" sequenceCoverage="100.0" branchCoverage="0.0" maxCyclomaticComplexity="0" minCyclomaticComplexity="0" maxCrapScore="0" minCrapScore="0" visitedClasses="1" numClasses="1" visitedMethods="1" numMethods="1" />
      <ModuleTime>0001-01-01T00:00:00</ModuleTime>
      <ModuleName>VIRSE_Plugin_And_Player_Rig_To_VC_API</ModuleName>
      <Files>
        <File uid="41" fullPath="C:/Unity/ViRSE-Core-Platform/ViRSE-Core-Platform/Assets/FRAMEWORK/Scripts/PluginRuntime/VCs/Interfaces/SharedInterfaces/InteractorID.cs" />
      </Files>
      <Classes>
        <Class>
          <Summary numSequencePoints="5" visitedSequencePoints="5" numBranchPoints="0" visitedBranchPoints="0" sequenceCoverage="100.0" branchCoverage="0.0" maxCyclomaticComplexity="0" minCyclomaticComplexity="0" maxCrapScore="0" minCrapScore="0" visitedClasses="1" numClasses="1" visitedMethods="1" numMethods="1" />
          <FullName>ViRSE.InteractorID</FullName>
          <Methods>
            <Method visited="true" cyclomaticComplexity="0" nPathComplexity="0" sequenceCoverage="100.0" branchCoverage="0" crapScore="0" isConstructor="true" isStatic="false" isGetter="false" isSetter="false">
              <Summary numSequencePoints="5" visitedSequencePoints="5" numBranchPoints="0" visitedBranchPoints="0" sequenceCoverage="100.0" branchCoverage="0" maxCyclomaticComplexity="0" minCyclomaticComplexity="0" maxCrapScore="0" minCrapScore="0" visitedClasses="0" numClasses="0" visitedMethods="1" numMethods="1" />
              <MetadataToken>100663301</MetadataToken>
              <Name>ViRSE.InteractorID::InteractorID(System.Int32, ViRSE.InteractorType)</Name>
              <FileRef uid="41" />
              <SequencePoints>
                <SequencePoint vc="1" uspid="4168" ordinal="0" offset="0" sl="12" sc="9" el="12" ec="9" bec="0" bev="0" fileid="41" />
                <SequencePoint vc="1" uspid="4169" ordinal="0" offset="7" sl="13" sc="9" el="13" ec="9" bec="0" bev="0" fileid="41" />
                <SequencePoint vc="1" uspid="4170" ordinal="0" offset="8" sl="14" sc="13" el="14" ec="13" bec="0" bev="0" fileid="41" />
                <SequencePoint vc="1" uspid="4171" ordinal="0" offset="15" sl="15" sc="13" el="15" ec="13" bec="0" bev="0" fileid="41" />
                <SequencePoint vc="1" uspid="4172" ordinal="0" offset="22" sl="16" sc="9" el="16" ec="9" bec="0" bev="0" fileid="41" />
              </SequencePoints>
              <BranchPoints />
            </Method>
          </Methods>
        </Class>
      </Classes>
    </Module>
    <Module>
      <Summary numSequencePoints="3" visitedSequencePoints="3" numBranchPoints="0" visitedBranchPoints="0" sequenceCoverage="100.0" branchCoverage="0.0" maxCyclomaticComplexity="0" minCyclomaticComplexity="0" maxCrapScore="0" minCrapScore="0" visitedClasses="1" numClasses="1" visitedMethods="1" numMethods="1" />
      <ModuleTime>0001-01-01T00:00:00</ModuleTime>
      <ModuleName>ViRSE_Internal_Global</ModuleName>
      <Files>
        <File uid="49" fullPath="C:/Unity/ViRSE-Core-Platform/ViRSE-Core-Platform/Assets/FRAMEWORK/Scripts/InternalGlobal/StaticColors.cs" />
        <File uid="50" fullPath="C:/Unity/ViRSE-Core-Platform/ViRSE-Core-Platform/Assets/FRAMEWORK/Scripts/InternalGlobal/SharedNetworking.cs" />
        <File uid="51" fullPath="C:/Unity/ViRSE-Core-Platform/ViRSE-Core-Platform/Assets/FRAMEWORK/Scripts/InternalGlobal/AssetLoader.cs" />
        <File uid="52" fullPath="C:/Unity/ViRSE-Core-Platform/ViRSE-Core-Platform/Assets/FRAMEWORK/Scripts/InternalGlobal/Logging/V_Logger.cs" />
      </Files>
      <Classes>
        <Class>
          <Summary numSequencePoints="3" visitedSequencePoints="3" numBranchPoints="0" visitedBranchPoints="0" sequenceCoverage="100.0" branchCoverage="0.0" maxCyclomaticComplexity="0" minCyclomaticComplexity="0" maxCrapScore="0" minCrapScore="0" visitedClasses="1" numClasses="1" visitedMethods="1" numMethods="1" />
          <FullName>ViRSE.ViRSENetworkSerializable</FullName>
          <Methods>
            <Method visited="true" cyclomaticComplexity="0" nPathComplexity="0" sequenceCoverage="100.0" branchCoverage="0" crapScore="0" isConstructor="true" isStatic="false" isGetter="false" isSetter="false">
              <Summary numSequencePoints="3" visitedSequencePoints="3" numBranchPoints="0" visitedBranchPoints="0" sequenceCoverage="100.0" branchCoverage="0" maxCyclomaticComplexity="0" minCyclomaticComplexity="0" maxCrapScore="0" minCrapScore="0" visitedClasses="0" numClasses="0" visitedMethods="1" numMethods="1" />
              <MetadataToken>100663305</MetadataToken>
              <Name>ViRSE.ViRSENetworkSerializable::ViRSENetworkSerializable()</Name>
              <FileRef uid="50" />
              <SequencePoints>
                <SequencePoint vc="2" uspid="4320" ordinal="0" offset="0" sl="29" sc="9" el="29" ec="9" bec="0" bev="0" fileid="50" />
                <SequencePoint vc="2" uspid="4321" ordinal="0" offset="7" sl="29" sc="43" el="29" ec="43" bec="0" bev="0" fileid="50" />
                <SequencePoint vc="2" uspid="4322" ordinal="0" offset="8" sl="29" sc="45" el="29" ec="45" bec="0" bev="0" fileid="50" />
              </SequencePoints>
              <BranchPoints />
            </Method>
          </Methods>
        </Class>
      </Classes>
    </Module>
  </Modules>
</CoverageSession>